Start testing: Jul 08 22:26 IST
----------------------------------------------------------
1/4 Testing: TensorTest.Initialization
1/4 Test: TensorTest.Initialization
Command: "/home/manne-rithvik/CodingStuff/turbo.cpp/build/tests/tensor_test" "--gtest_filter=TensorTest.Initialization" "--gtest_also_run_disabled_tests"
Directory: /home/manne-rithvik/CodingStuff/turbo.cpp/build/tests
"TensorTest.Initialization" start time: Jul 08 22:26 IST
Output:
----------------------------------------------------------
Running main() from /home/manne-rithvik/CodingStuff/turbo.cpp/build/_deps/googletest-src/googletest/src/gtest_main.cc
Note: Google Test filter = TensorTest.Initialization
[==========] Running 1 test from 1 test suite.
[----------] Global test environment set-up.
[----------] 1 test from TensorTest
[ RUN      ] TensorTest.Initialization
[       OK ] TensorTest.Initialization (0 ms)
[----------] 1 test from TensorTest (0 ms total)

[----------] Global test environment tear-down
[==========] 1 test from 1 test suite ran. (0 ms total)
[  PASSED  ] 1 test.
<end of output>
Test time =   0.00 sec
----------------------------------------------------------
Test Passed.
"TensorTest.Initialization" end time: Jul 08 22:26 IST
"TensorTest.Initialization" time elapsed: 00:00:00
----------------------------------------------------------

2/4 Testing: TensorTest.Indexing
2/4 Test: TensorTest.Indexing
Command: "/home/manne-rithvik/CodingStuff/turbo.cpp/build/tests/tensor_test" "--gtest_filter=TensorTest.Indexing" "--gtest_also_run_disabled_tests"
Directory: /home/manne-rithvik/CodingStuff/turbo.cpp/build/tests
"TensorTest.Indexing" start time: Jul 08 22:26 IST
Output:
----------------------------------------------------------
Running main() from /home/manne-rithvik/CodingStuff/turbo.cpp/build/_deps/googletest-src/googletest/src/gtest_main.cc
Note: Google Test filter = TensorTest.Indexing
[==========] Running 1 test from 1 test suite.
[----------] Global test environment set-up.
[----------] 1 test from TensorTest
[ RUN      ] TensorTest.Indexing
[       OK ] TensorTest.Indexing (0 ms)
[----------] 1 test from TensorTest (0 ms total)

[----------] Global test environment tear-down
[==========] 1 test from 1 test suite ran. (0 ms total)
[  PASSED  ] 1 test.
<end of output>
Test time =   0.00 sec
----------------------------------------------------------
Test Passed.
"TensorTest.Indexing" end time: Jul 08 22:26 IST
"TensorTest.Indexing" time elapsed: 00:00:00
----------------------------------------------------------

3/4 Testing: TensorTest.BroadcastingAddition
3/4 Test: TensorTest.BroadcastingAddition
Command: "/home/manne-rithvik/CodingStuff/turbo.cpp/build/tests/tensor_test" "--gtest_filter=TensorTest.BroadcastingAddition" "--gtest_also_run_disabled_tests"
Directory: /home/manne-rithvik/CodingStuff/turbo.cpp/build/tests
"TensorTest.BroadcastingAddition" start time: Jul 08 22:26 IST
Output:
----------------------------------------------------------
Running main() from /home/manne-rithvik/CodingStuff/turbo.cpp/build/_deps/googletest-src/googletest/src/gtest_main.cc
Note: Google Test filter = TensorTest.BroadcastingAddition
[==========] Running 1 test from 1 test suite.
[----------] Global test environment set-up.
[----------] 1 test from TensorTest
[ RUN      ] TensorTest.BroadcastingAddition
[       OK ] TensorTest.BroadcastingAddition (0 ms)
[----------] 1 test from TensorTest (0 ms total)

[----------] Global test environment tear-down
[==========] 1 test from 1 test suite ran. (0 ms total)
[  PASSED  ] 1 test.
<end of output>
Test time =   0.00 sec
----------------------------------------------------------
Test Passed.
"TensorTest.BroadcastingAddition" end time: Jul 08 22:26 IST
"TensorTest.BroadcastingAddition" time elapsed: 00:00:00
----------------------------------------------------------

4/4 Testing: TensorTest.ViewManipulations
4/4 Test: TensorTest.ViewManipulations
Command: "/home/manne-rithvik/CodingStuff/turbo.cpp/build/tests/tensor_test" "--gtest_filter=TensorTest.ViewManipulations" "--gtest_also_run_disabled_tests"
Directory: /home/manne-rithvik/CodingStuff/turbo.cpp/build/tests
"TensorTest.ViewManipulations" start time: Jul 08 22:26 IST
Output:
----------------------------------------------------------
Running main() from /home/manne-rithvik/CodingStuff/turbo.cpp/build/_deps/googletest-src/googletest/src/gtest_main.cc
Note: Google Test filter = TensorTest.ViewManipulations
[==========] Running 1 test from 1 test suite.
[----------] Global test environment set-up.
[----------] 1 test from TensorTest
[ RUN      ] TensorTest.ViewManipulations
[       OK ] TensorTest.ViewManipulations (0 ms)
[----------] 1 test from TensorTest (0 ms total)

[----------] Global test environment tear-down
[==========] 1 test from 1 test suite ran. (0 ms total)
[  PASSED  ] 1 test.
<end of output>
Test time =   0.00 sec
----------------------------------------------------------
Test Passed.
"TensorTest.ViewManipulations" end time: Jul 08 22:26 IST
"TensorTest.ViewManipulations" time elapsed: 00:00:00
----------------------------------------------------------

End testing: Jul 08 22:26 IST
